<?xml version="1.0" encoding="UTF-8"?>
<testng-results skipped="0" failed="0" ignored="0" total="1" passed="1">
  <reporter-output>
  </reporter-output>
  <suite name="Surefire suite" duration-ms="8686" started-at="2019-07-25T11:33:52Z" finished-at="2019-07-25T11:34:01Z">
    <groups>
    </groups>
    <test name="Surefire test" duration-ms="8686" started-at="2019-07-25T11:33:52Z" finished-at="2019-07-25T11:34:01Z">
      <class name="Tests">
        <test-method status="PASS" signature="beforeTest()[pri:0, instance:Tests@55182842]" name="beforeTest" is-config="true" duration-ms="12" started-at="2019-07-25T11:33:52Z" finished-at="2019-07-25T11:33:52Z">
          <reporter-output>
          </reporter-output>
        </test-method> <!-- beforeTest -->
        <test-method status="PASS" signature="setUp()[pri:0, instance:Tests@55182842]" name="setUp" is-config="true" duration-ms="4" started-at="2019-07-25T11:33:52Z" finished-at="2019-07-25T11:33:52Z">
          <reporter-output>
          </reporter-output>
        </test-method> <!-- setUp -->
        <test-method status="PASS" signature="test001()[pri:1, instance:Tests@55182842]" name="test001" duration-ms="8657" started-at="2019-07-25T11:33:52Z" description="Wyszukiwanie" finished-at="2019-07-25T11:34:01Z">
          <reporter-output>
          </reporter-output>
        </test-method> <!-- test001 -->
        <test-method status="PASS" signature="afterClass()[pri:0, instance:Tests@55182842]" name="afterClass" is-config="true" duration-ms="0" started-at="2019-07-25T11:34:01Z" finished-at="2019-07-25T11:34:01Z">
          <reporter-output>
          </reporter-output>
        </test-method> <!-- afterClass -->
        <test-method status="PASS" signature="afterTest()[pri:0, instance:Tests@55182842]" name="afterTest" is-config="true" duration-ms="0" started-at="2019-07-25T11:34:01Z" finished-at="2019-07-25T11:34:01Z">
          <reporter-output>
          </reporter-output>
        </test-method> <!-- afterTest -->
      </class> <!-- Tests -->
    </test> <!-- Surefire test -->
  </suite> <!-- Surefire suite -->
</testng-results>
